Analysis & Synthesis report for EX1
Tue Dec 08 19:43:38 2020
Quartus Prime Version 16.0.0 Build 211 04/27/2016 SJ Lite Edition


---------------------
; Table of Contents ;
---------------------
  1. Legal Notice
  2. Analysis & Synthesis Summary
  3. Analysis & Synthesis Settings
  4. Parallel Compilation
  5. Analysis & Synthesis Source Files Read
  6. Analysis & Synthesis Resource Usage Summary
  7. Analysis & Synthesis Resource Utilization by Entity
  8. User-Specified and Inferred Latches
  9. General Register Statistics
 10. Multiplexer Restructuring Statistics (Restructuring Performed)
 11. Post-Synthesis Netlist Statistics for Top Partition
 12. Elapsed Time Per Partition
 13. Analysis & Synthesis Messages
 14. Analysis & Synthesis Suppressed Messages



----------------
; Legal Notice ;
----------------
Copyright (C) 1991-2016 Altera Corporation. All rights reserved.
Your use of Altera Corporation's design tools, logic functions 
and other software and tools, and its AMPP partner logic 
functions, and any output files from any of the foregoing 
(including device programming or simulation files), and any 
associated documentation or information are expressly subject 
to the terms and conditions of the Altera Program License 
Subscription Agreement, the Altera Quartus Prime License Agreement,
the Altera MegaCore Function License Agreement, or other 
applicable license agreement, including, without limitation, 
that your use is for the sole purpose of programming logic 
devices manufactured by Altera and sold by Altera or its 
authorized distributors.  Please refer to the applicable 
agreement for further details.



+----------------------------------------------------------------------------------+
; Analysis & Synthesis Summary                                                     ;
+------------------------------------+---------------------------------------------+
; Analysis & Synthesis Status        ; Successful - Tue Dec 08 19:43:38 2020       ;
; Quartus Prime Version              ; 16.0.0 Build 211 04/27/2016 SJ Lite Edition ;
; Revision Name                      ; EX1                                         ;
; Top-level Entity Name              ; EX1                                         ;
; Family                             ; MAX 10                                      ;
; Total logic elements               ; 293                                         ;
;     Total combinational functions  ; 293                                         ;
;     Dedicated logic registers      ; 0                                           ;
; Total registers                    ; 0                                           ;
; Total pins                         ; 107                                         ;
; Total virtual pins                 ; 0                                           ;
; Total memory bits                  ; 0                                           ;
; Embedded Multiplier 9-bit elements ; 0                                           ;
; Total PLLs                         ; 0                                           ;
; UFM blocks                         ; 0                                           ;
; ADC blocks                         ; 0                                           ;
+------------------------------------+---------------------------------------------+


+----------------------------------------------------------------------------------------------------------------------+
; Analysis & Synthesis Settings                                                                                        ;
+----------------------------------------------------------------------------+--------------------+--------------------+
; Option                                                                     ; Setting            ; Default Value      ;
+----------------------------------------------------------------------------+--------------------+--------------------+
; Device                                                                     ; 10M40DAF484C7G     ;                    ;
; Top-level entity name                                                      ; EX1                ; EX1                ;
; Family name                                                                ; MAX 10             ; Cyclone V          ;
; Use smart compilation                                                      ; Off                ; Off                ;
; Enable parallel Assembler and TimeQuest Timing Analyzer during compilation ; On                 ; On                 ;
; Enable compact report table                                                ; Off                ; Off                ;
; Restructure Multiplexers                                                   ; Auto               ; Auto               ;
; Create Debugging Nodes for IP Cores                                        ; Off                ; Off                ;
; Preserve fewer node names                                                  ; On                 ; On                 ;
; Disable OpenCore Plus hardware evaluation                                  ; Off                ; Off                ;
; Verilog Version                                                            ; Verilog_2001       ; Verilog_2001       ;
; VHDL Version                                                               ; VHDL_1993          ; VHDL_1993          ;
; State Machine Processing                                                   ; Auto               ; Auto               ;
; Safe State Machine                                                         ; Off                ; Off                ;
; Extract Verilog State Machines                                             ; On                 ; On                 ;
; Extract VHDL State Machines                                                ; On                 ; On                 ;
; Ignore Verilog initial constructs                                          ; Off                ; Off                ;
; Iteration limit for constant Verilog loops                                 ; 5000               ; 5000               ;
; Iteration limit for non-constant Verilog loops                             ; 250                ; 250                ;
; Add Pass-Through Logic to Inferred RAMs                                    ; On                 ; On                 ;
; Infer RAMs from Raw Logic                                                  ; On                 ; On                 ;
; Parallel Synthesis                                                         ; On                 ; On                 ;
; DSP Block Balancing                                                        ; Auto               ; Auto               ;
; NOT Gate Push-Back                                                         ; On                 ; On                 ;
; Power-Up Don't Care                                                        ; On                 ; On                 ;
; Remove Redundant Logic Cells                                               ; Off                ; Off                ;
; Remove Duplicate Registers                                                 ; On                 ; On                 ;
; Ignore CARRY Buffers                                                       ; Off                ; Off                ;
; Ignore CASCADE Buffers                                                     ; Off                ; Off                ;
; Ignore GLOBAL Buffers                                                      ; Off                ; Off                ;
; Ignore ROW GLOBAL Buffers                                                  ; Off                ; Off                ;
; Ignore LCELL Buffers                                                       ; Off                ; Off                ;
; Ignore SOFT Buffers                                                        ; On                 ; On                 ;
; Limit AHDL Integers to 32 Bits                                             ; Off                ; Off                ;
; Optimization Technique                                                     ; Balanced           ; Balanced           ;
; Carry Chain Length                                                         ; 70                 ; 70                 ;
; Auto Carry Chains                                                          ; On                 ; On                 ;
; Auto Open-Drain Pins                                                       ; On                 ; On                 ;
; Perform WYSIWYG Primitive Resynthesis                                      ; Off                ; Off                ;
; Auto ROM Replacement                                                       ; On                 ; On                 ;
; Auto RAM Replacement                                                       ; On                 ; On                 ;
; Auto DSP Block Replacement                                                 ; On                 ; On                 ;
; Auto Shift Register Replacement                                            ; Auto               ; Auto               ;
; Allow Shift Register Merging across Hierarchies                            ; Auto               ; Auto               ;
; Auto Clock Enable Replacement                                              ; On                 ; On                 ;
; Strict RAM Replacement                                                     ; Off                ; Off                ;
; Allow Synchronous Control Signals                                          ; On                 ; On                 ;
; Force Use of Synchronous Clear Signals                                     ; Off                ; Off                ;
; Auto RAM Block Balancing                                                   ; On                 ; On                 ;
; Auto RAM to Logic Cell Conversion                                          ; Off                ; Off                ;
; Auto Resource Sharing                                                      ; Off                ; Off                ;
; Allow Any RAM Size For Recognition                                         ; Off                ; Off                ;
; Allow Any ROM Size For Recognition                                         ; Off                ; Off                ;
; Allow Any Shift Register Size For Recognition                              ; Off                ; Off                ;
; Use LogicLock Constraints during Resource Balancing                        ; On                 ; On                 ;
; Ignore translate_off and synthesis_off directives                          ; Off                ; Off                ;
; Timing-Driven Synthesis                                                    ; On                 ; On                 ;
; Report Parameter Settings                                                  ; On                 ; On                 ;
; Report Source Assignments                                                  ; On                 ; On                 ;
; Report Connectivity Checks                                                 ; On                 ; On                 ;
; Ignore Maximum Fan-Out Assignments                                         ; Off                ; Off                ;
; Synchronization Register Chain Length                                      ; 2                  ; 2                  ;
; PowerPlay Power Optimization During Synthesis                              ; Normal compilation ; Normal compilation ;
; HDL message level                                                          ; Level2             ; Level2             ;
; Suppress Register Optimization Related Messages                            ; Off                ; Off                ;
; Number of Removed Registers Reported in Synthesis Report                   ; 5000               ; 5000               ;
; Number of Swept Nodes Reported in Synthesis Report                         ; 5000               ; 5000               ;
; Number of Inverted Registers Reported in Synthesis Report                  ; 100                ; 100                ;
; Clock MUX Protection                                                       ; On                 ; On                 ;
; Auto Gated Clock Conversion                                                ; Off                ; Off                ;
; Block Design Naming                                                        ; Auto               ; Auto               ;
; SDC constraint protection                                                  ; Off                ; Off                ;
; Synthesis Effort                                                           ; Auto               ; Auto               ;
; Shift Register Replacement - Allow Asynchronous Clear Signal               ; On                 ; On                 ;
; Pre-Mapping Resynthesis Optimization                                       ; Off                ; Off                ;
; Analysis & Synthesis Message Level                                         ; Medium             ; Medium             ;
; Disable Register Merging Across Hierarchies                                ; Auto               ; Auto               ;
; Resource Aware Inference For Block RAM                                     ; On                 ; On                 ;
; Synthesis Seed                                                             ; 1                  ; 1                  ;
+----------------------------------------------------------------------------+--------------------+--------------------+


+------------------------------------------+
; Parallel Compilation                     ;
+----------------------------+-------------+
; Processors                 ; Number      ;
+----------------------------+-------------+
; Number detected on machine ; 4           ;
; Maximum allowed            ; 2           ;
;                            ;             ;
; Average used               ; 1.00        ;
; Maximum used               ; 1           ;
;                            ;             ;
; Usage by Processor         ; % Time Used ;
;     Processor 1            ; 100.0%      ;
+----------------------------+-------------+


+------------------------------------------------------------------------------------------------------------------------------------+
; Analysis & Synthesis Source Files Read                                                                                             ;
+----------------------------------+-----------------+------------------------+--------------------------------------------+---------+
; File Name with User-Entered Path ; Used in Netlist ; File Type              ; File Name with Absolute Path               ; Library ;
+----------------------------------+-----------------+------------------------+--------------------------------------------+---------+
; EX1.v                            ; yes             ; User Verilog HDL File  ; C:/QuartusLiteSetup-/PRACTICE/6/EX1.v      ;         ;
; Verilog2.v                       ; yes             ; User Verilog HDL File  ; C:/QuartusLiteSetup-/PRACTICE/6/Verilog2.v ;         ;
; Verilog3.v                       ; yes             ; User Verilog HDL File  ; C:/QuartusLiteSetup-/PRACTICE/6/Verilog3.v ;         ;
; Verilog4.v                       ; yes             ; User Verilog HDL File  ; C:/QuartusLiteSetup-/PRACTICE/6/Verilog4.v ;         ;
; Verilog5.v                       ; yes             ; User Verilog HDL File  ; C:/QuartusLiteSetup-/PRACTICE/6/Verilog5.v ;         ;
+----------------------------------+-----------------+------------------------+--------------------------------------------+---------+


+--------------------------------------------------------------+
; Analysis & Synthesis Resource Usage Summary                  ;
+---------------------------------------------+----------------+
; Resource                                    ; Usage          ;
+---------------------------------------------+----------------+
; Estimated Total logic elements              ; 293            ;
;                                             ;                ;
; Total combinational functions               ; 293            ;
; Logic element usage by number of LUT inputs ;                ;
;     -- 4 input functions                    ; 106            ;
;     -- 3 input functions                    ; 180            ;
;     -- <=2 input functions                  ; 7              ;
;                                             ;                ;
; Logic elements by mode                      ;                ;
;     -- normal mode                          ; 231            ;
;     -- arithmetic mode                      ; 62             ;
;                                             ;                ;
; Total registers                             ; 0              ;
;     -- Dedicated logic registers            ; 0              ;
;     -- I/O registers                        ; 0              ;
;                                             ;                ;
; I/O pins                                    ; 107            ;
;                                             ;                ;
; Embedded Multiplier 9-bit elements          ; 0              ;
;                                             ;                ;
; Maximum fan-out node                        ; funct[5]~input ;
; Maximum fan-out                             ; 56             ;
; Total fan-out                               ; 1117           ;
; Average fan-out                             ; 2.20           ;
+---------------------------------------------+----------------+


+---------------------------------------------------------------------------------------------------------------------------------------------------------------------------------------------------------------------+
; Analysis & Synthesis Resource Utilization by Entity                                                                                                                                                                 ;
+----------------------------+-------------------+--------------+-------------+------------+--------------+---------+-----------+------+--------------+------------+---------------------+-------------+--------------+
; Compilation Hierarchy Node ; LC Combinationals ; LC Registers ; Memory Bits ; UFM Blocks ; DSP Elements ; DSP 9x9 ; DSP 18x18 ; Pins ; Virtual Pins ; ADC blocks ; Full Hierarchy Name ; Entity Name ; Library Name ;
+----------------------------+-------------------+--------------+-------------+------------+--------------+---------+-----------+------+--------------+------------+---------------------+-------------+--------------+
; |EX1                       ; 293 (0)           ; 0 (0)        ; 0           ; 0          ; 0            ; 0       ; 0         ; 107  ; 0            ; 0          ; |EX1                ; EX1         ; work         ;
;    |add:add|               ; 32 (32)           ; 0 (0)        ; 0           ; 0          ; 0            ; 0       ; 0         ; 0    ; 0            ; 0          ; |EX1|add:add        ; add         ; work         ;
;    |mux:mux|               ; 133 (133)         ; 0 (0)        ; 0           ; 0          ; 0            ; 0       ; 0         ; 0    ; 0            ; 0          ; |EX1|mux:mux        ; mux         ; work         ;
;    |srl:srl|               ; 96 (96)           ; 0 (0)        ; 0           ; 0          ; 0            ; 0       ; 0         ; 0    ; 0            ; 0          ; |EX1|srl:srl        ; srl         ; work         ;
;    |sub:sub|               ; 32 (32)           ; 0 (0)        ; 0           ; 0          ; 0            ; 0       ; 0         ; 0    ; 0            ; 0          ; |EX1|sub:sub        ; sub         ; work         ;
+----------------------------+-------------------+--------------+-------------+------------+--------------+---------+-----------+------+--------------+------------+---------------------+-------------+--------------+
Note: For table entries with two numbers listed, the numbers in parentheses indicate the number of resources of the given type used by the specific entity alone. The numbers listed outside of parentheses indicate the total resources of the given type used by the specific entity and all of its sub-entities in the hierarchy.


+----------------------------------------------------------------------------------------------------+
; User-Specified and Inferred Latches                                                                ;
+-----------------------------------------------------+---------------------+------------------------+
; Latch Name                                          ; Latch Enable Signal ; Free of Timing Hazards ;
+-----------------------------------------------------+---------------------+------------------------+
; mux:mux|TEMP[0]                                     ; mux:mux|WideOr0     ; yes                    ;
; mux:mux|TEMP[1]                                     ; mux:mux|WideOr0     ; yes                    ;
; mux:mux|TEMP[2]                                     ; mux:mux|WideOr0     ; yes                    ;
; mux:mux|TEMP[3]                                     ; mux:mux|WideOr0     ; yes                    ;
; mux:mux|TEMP[4]                                     ; mux:mux|WideOr0     ; yes                    ;
; mux:mux|TEMP[5]                                     ; mux:mux|WideOr0     ; yes                    ;
; mux:mux|TEMP[6]                                     ; mux:mux|WideOr0     ; yes                    ;
; mux:mux|TEMP[7]                                     ; mux:mux|WideOr0     ; yes                    ;
; mux:mux|TEMP[8]                                     ; mux:mux|WideOr0     ; yes                    ;
; mux:mux|TEMP[9]                                     ; mux:mux|WideOr0     ; yes                    ;
; mux:mux|TEMP[10]                                    ; mux:mux|WideOr0     ; yes                    ;
; mux:mux|TEMP[11]                                    ; mux:mux|WideOr0     ; yes                    ;
; mux:mux|TEMP[12]                                    ; mux:mux|WideOr0     ; yes                    ;
; mux:mux|TEMP[13]                                    ; mux:mux|WideOr0     ; yes                    ;
; mux:mux|TEMP[14]                                    ; mux:mux|WideOr0     ; yes                    ;
; mux:mux|TEMP[15]                                    ; mux:mux|WideOr0     ; yes                    ;
; mux:mux|TEMP[16]                                    ; mux:mux|WideOr0     ; yes                    ;
; mux:mux|TEMP[17]                                    ; mux:mux|WideOr0     ; yes                    ;
; mux:mux|TEMP[18]                                    ; mux:mux|WideOr0     ; yes                    ;
; mux:mux|TEMP[19]                                    ; mux:mux|WideOr0     ; yes                    ;
; mux:mux|TEMP[20]                                    ; mux:mux|WideOr0     ; yes                    ;
; mux:mux|TEMP[21]                                    ; mux:mux|WideOr0     ; yes                    ;
; mux:mux|TEMP[22]                                    ; mux:mux|WideOr0     ; yes                    ;
; mux:mux|TEMP[23]                                    ; mux:mux|WideOr0     ; yes                    ;
; mux:mux|TEMP[24]                                    ; mux:mux|WideOr0     ; yes                    ;
; mux:mux|TEMP[25]                                    ; mux:mux|WideOr0     ; yes                    ;
; mux:mux|TEMP[26]                                    ; mux:mux|WideOr0     ; yes                    ;
; mux:mux|TEMP[27]                                    ; mux:mux|WideOr0     ; yes                    ;
; mux:mux|TEMP[28]                                    ; mux:mux|WideOr0     ; yes                    ;
; mux:mux|TEMP[29]                                    ; mux:mux|WideOr0     ; yes                    ;
; mux:mux|TEMP[30]                                    ; mux:mux|WideOr0     ; yes                    ;
; mux:mux|TEMP[31]                                    ; mux:mux|WideOr0     ; yes                    ;
; Number of user-specified and inferred latches = 32  ;                     ;                        ;
+-----------------------------------------------------+---------------------+------------------------+
Note: All latches listed above may not be present at the end of synthesis due to various synthesis optimizations.


+------------------------------------------------------+
; General Register Statistics                          ;
+----------------------------------------------+-------+
; Statistic                                    ; Value ;
+----------------------------------------------+-------+
; Total registers                              ; 0     ;
; Number of registers using Synchronous Clear  ; 0     ;
; Number of registers using Synchronous Load   ; 0     ;
; Number of registers using Asynchronous Clear ; 0     ;
; Number of registers using Asynchronous Load  ; 0     ;
; Number of registers using Clock Enable       ; 0     ;
; Number of registers using Preset             ; 0     ;
+----------------------------------------------+-------+


+------------------------------------------------------------------------------------------------------------------------------------------+
; Multiplexer Restructuring Statistics (Restructuring Performed)                                                                           ;
+--------------------+-----------+---------------+----------------------+------------------------+------------+----------------------------+
; Multiplexer Inputs ; Bus Width ; Baseline Area ; Area if Restructured ; Saving if Restructured ; Registered ; Example Multiplexer Output ;
+--------------------+-----------+---------------+----------------------+------------------------+------------+----------------------------+
; 4:1                ; 16 bits   ; 32 LEs        ; 32 LEs               ; 0 LEs                  ; No         ; |EX1|mux:mux|Selector17    ;
; 5:1                ; 8 bits    ; 24 LEs        ; 24 LEs               ; 0 LEs                  ; No         ; |EX1|mux:mux|Selector12    ;
; 6:1                ; 4 bits    ; 16 LEs        ; 16 LEs               ; 0 LEs                  ; No         ; |EX1|mux:mux|Selector4     ;
; 7:1                ; 2 bits    ; 8 LEs         ; 8 LEs                ; 0 LEs                  ; No         ; |EX1|mux:mux|Selector3     ;
; 8:1                ; 2 bits    ; 10 LEs        ; 10 LEs               ; 0 LEs                  ; No         ; |EX1|mux:mux|Selector0     ;
+--------------------+-----------+---------------+----------------------+------------------------+------------+----------------------------+


+-----------------------------------------------------+
; Post-Synthesis Netlist Statistics for Top Partition ;
+-----------------------+-----------------------------+
; Type                  ; Count                       ;
+-----------------------+-----------------------------+
; boundary_port         ; 107                         ;
; cycloneiii_lcell_comb ; 293                         ;
;     arith             ; 62                          ;
;         3 data inputs ; 62                          ;
;     normal            ; 231                         ;
;         2 data inputs ; 7                           ;
;         3 data inputs ; 118                         ;
;         4 data inputs ; 106                         ;
;                       ;                             ;
; Max LUT depth         ; 8.00                        ;
; Average LUT depth     ; 6.12                        ;
+-----------------------+-----------------------------+


+-------------------------------+
; Elapsed Time Per Partition    ;
+----------------+--------------+
; Partition Name ; Elapsed Time ;
+----------------+--------------+
; Top            ; 00:00:01     ;
+----------------+--------------+


+-------------------------------+
; Analysis & Synthesis Messages ;
+-------------------------------+
Info: *******************************************************************
Info: Running Quartus Prime Analysis & Synthesis
    Info: Version 16.0.0 Build 211 04/27/2016 SJ Lite Edition
    Info: Processing started: Tue Dec 08 19:43:20 2020
Info: Command: quartus_map --read_settings_files=on --write_settings_files=off EX1 -c EX1
Warning (18236): Number of processors has not been specified which may cause overloading on shared machines.  Set the global assignment NUM_PARALLEL_PROCESSORS in your QSF to an appropriate value for best performance.
Info (20030): Parallel compilation is enabled and will use 2 of the 2 processors detected
Info (12021): Found 1 design units, including 1 entities, in source file ex1.v
    Info (12023): Found entity 1: EX1 File: C:/QuartusLiteSetup-/PRACTICE/6/EX1.v Line: 1
Info (12021): Found 1 design units, including 1 entities, in source file verilog2.v
    Info (12023): Found entity 1: add File: C:/QuartusLiteSetup-/PRACTICE/6/Verilog2.v Line: 1
Info (12021): Found 1 design units, including 1 entities, in source file verilog3.v
    Info (12023): Found entity 1: sub File: C:/QuartusLiteSetup-/PRACTICE/6/Verilog3.v Line: 1
Info (12021): Found 1 design units, including 1 entities, in source file verilog4.v
    Info (12023): Found entity 1: srl File: C:/QuartusLiteSetup-/PRACTICE/6/Verilog4.v Line: 1
Warning (12090): Entity "mux" obtained from "Verilog5.v" instead of from Quartus Prime megafunction library File: C:/QuartusLiteSetup-/PRACTICE/6/Verilog5.v Line: 1
Info (12021): Found 1 design units, including 1 entities, in source file verilog5.v
    Info (12023): Found entity 1: mux File: C:/QuartusLiteSetup-/PRACTICE/6/Verilog5.v Line: 1
Info (12127): Elaborating entity "EX1" for the top level hierarchy
Info (12128): Elaborating entity "add" for hierarchy "add:add" File: C:/QuartusLiteSetup-/PRACTICE/6/EX1.v Line: 11
Info (12128): Elaborating entity "sub" for hierarchy "sub:sub" File: C:/QuartusLiteSetup-/PRACTICE/6/EX1.v Line: 12
Info (12128): Elaborating entity "srl" for hierarchy "srl:srl" File: C:/QuartusLiteSetup-/PRACTICE/6/EX1.v Line: 13
Info (12128): Elaborating entity "mux" for hierarchy "mux:mux" File: C:/QuartusLiteSetup-/PRACTICE/6/EX1.v Line: 15
Warning (10240): Verilog HDL Always Construct warning at Verilog5.v(10): inferring latch(es) for variable "TEMP", which holds its previous value in one or more paths through the always construct File: C:/QuartusLiteSetup-/PRACTICE/6/Verilog5.v Line: 10
Info (10041): Inferred latch for "TEMP[0]" at Verilog5.v(10) File: C:/QuartusLiteSetup-/PRACTICE/6/Verilog5.v Line: 10
Info (10041): Inferred latch for "TEMP[1]" at Verilog5.v(10) File: C:/QuartusLiteSetup-/PRACTICE/6/Verilog5.v Line: 10
Info (10041): Inferred latch for "TEMP[2]" at Verilog5.v(10) File: C:/QuartusLiteSetup-/PRACTICE/6/Verilog5.v Line: 10
Info (10041): Inferred latch for "TEMP[3]" at Verilog5.v(10) File: C:/QuartusLiteSetup-/PRACTICE/6/Verilog5.v Line: 10
Info (10041): Inferred latch for "TEMP[4]" at Verilog5.v(10) File: C:/QuartusLiteSetup-/PRACTICE/6/Verilog5.v Line: 10
Info (10041): Inferred latch for "TEMP[5]" at Verilog5.v(10) File: C:/QuartusLiteSetup-/PRACTICE/6/Verilog5.v Line: 10
Info (10041): Inferred latch for "TEMP[6]" at Verilog5.v(10) File: C:/QuartusLiteSetup-/PRACTICE/6/Verilog5.v Line: 10
Info (10041): Inferred latch for "TEMP[7]" at Verilog5.v(10) File: C:/QuartusLiteSetup-/PRACTICE/6/Verilog5.v Line: 10
Info (10041): Inferred latch for "TEMP[8]" at Verilog5.v(10) File: C:/QuartusLiteSetup-/PRACTICE/6/Verilog5.v Line: 10
Info (10041): Inferred latch for "TEMP[9]" at Verilog5.v(10) File: C:/QuartusLiteSetup-/PRACTICE/6/Verilog5.v Line: 10
Info (10041): Inferred latch for "TEMP[10]" at Verilog5.v(10) File: C:/QuartusLiteSetup-/PRACTICE/6/Verilog5.v Line: 10
Info (10041): Inferred latch for "TEMP[11]" at Verilog5.v(10) File: C:/QuartusLiteSetup-/PRACTICE/6/Verilog5.v Line: 10
Info (10041): Inferred latch for "TEMP[12]" at Verilog5.v(10) File: C:/QuartusLiteSetup-/PRACTICE/6/Verilog5.v Line: 10
Info (10041): Inferred latch for "TEMP[13]" at Verilog5.v(10) File: C:/QuartusLiteSetup-/PRACTICE/6/Verilog5.v Line: 10
Info (10041): Inferred latch for "TEMP[14]" at Verilog5.v(10) File: C:/QuartusLiteSetup-/PRACTICE/6/Verilog5.v Line: 10
Info (10041): Inferred latch for "TEMP[15]" at Verilog5.v(10) File: C:/QuartusLiteSetup-/PRACTICE/6/Verilog5.v Line: 10
Info (10041): Inferred latch for "TEMP[16]" at Verilog5.v(10) File: C:/QuartusLiteSetup-/PRACTICE/6/Verilog5.v Line: 10
Info (10041): Inferred latch for "TEMP[17]" at Verilog5.v(10) File: C:/QuartusLiteSetup-/PRACTICE/6/Verilog5.v Line: 10
Info (10041): Inferred latch for "TEMP[18]" at Verilog5.v(10) File: C:/QuartusLiteSetup-/PRACTICE/6/Verilog5.v Line: 10
Info (10041): Inferred latch for "TEMP[19]" at Verilog5.v(10) File: C:/QuartusLiteSetup-/PRACTICE/6/Verilog5.v Line: 10
Info (10041): Inferred latch for "TEMP[20]" at Verilog5.v(10) File: C:/QuartusLiteSetup-/PRACTICE/6/Verilog5.v Line: 10
Info (10041): Inferred latch for "TEMP[21]" at Verilog5.v(10) File: C:/QuartusLiteSetup-/PRACTICE/6/Verilog5.v Line: 10
Info (10041): Inferred latch for "TEMP[22]" at Verilog5.v(10) File: C:/QuartusLiteSetup-/PRACTICE/6/Verilog5.v Line: 10
Info (10041): Inferred latch for "TEMP[23]" at Verilog5.v(10) File: C:/QuartusLiteSetup-/PRACTICE/6/Verilog5.v Line: 10
Info (10041): Inferred latch for "TEMP[24]" at Verilog5.v(10) File: C:/QuartusLiteSetup-/PRACTICE/6/Verilog5.v Line: 10
Info (10041): Inferred latch for "TEMP[25]" at Verilog5.v(10) File: C:/QuartusLiteSetup-/PRACTICE/6/Verilog5.v Line: 10
Info (10041): Inferred latch for "TEMP[26]" at Verilog5.v(10) File: C:/QuartusLiteSetup-/PRACTICE/6/Verilog5.v Line: 10
Info (10041): Inferred latch for "TEMP[27]" at Verilog5.v(10) File: C:/QuartusLiteSetup-/PRACTICE/6/Verilog5.v Line: 10
Info (10041): Inferred latch for "TEMP[28]" at Verilog5.v(10) File: C:/QuartusLiteSetup-/PRACTICE/6/Verilog5.v Line: 10
Info (10041): Inferred latch for "TEMP[29]" at Verilog5.v(10) File: C:/QuartusLiteSetup-/PRACTICE/6/Verilog5.v Line: 10
Info (10041): Inferred latch for "TEMP[30]" at Verilog5.v(10) File: C:/QuartusLiteSetup-/PRACTICE/6/Verilog5.v Line: 10
Info (10041): Inferred latch for "TEMP[31]" at Verilog5.v(10) File: C:/QuartusLiteSetup-/PRACTICE/6/Verilog5.v Line: 10
Warning (13012): Latch mux:mux|TEMP[0] has unsafe behavior File: C:/QuartusLiteSetup-/PRACTICE/6/Verilog5.v Line: 10
    Warning (13013): Ports D and ENA on the latch are fed by the same signal funct[1] File: C:/QuartusLiteSetup-/PRACTICE/6/EX1.v Line: 5
Warning (13012): Latch mux:mux|TEMP[1] has unsafe behavior File: C:/QuartusLiteSetup-/PRACTICE/6/Verilog5.v Line: 10
    Warning (13013): Ports D and ENA on the latch are fed by the same signal funct[1] File: C:/QuartusLiteSetup-/PRACTICE/6/EX1.v Line: 5
Warning (13012): Latch mux:mux|TEMP[2] has unsafe behavior File: C:/QuartusLiteSetup-/PRACTICE/6/Verilog5.v Line: 10
    Warning (13013): Ports D and ENA on the latch are fed by the same signal funct[1] File: C:/QuartusLiteSetup-/PRACTICE/6/EX1.v Line: 5
Warning (13012): Latch mux:mux|TEMP[3] has unsafe behavior File: C:/QuartusLiteSetup-/PRACTICE/6/Verilog5.v Line: 10
    Warning (13013): Ports D and ENA on the latch are fed by the same signal funct[1] File: C:/QuartusLiteSetup-/PRACTICE/6/EX1.v Line: 5
Warning (13012): Latch mux:mux|TEMP[4] has unsafe behavior File: C:/QuartusLiteSetup-/PRACTICE/6/Verilog5.v Line: 10
    Warning (13013): Ports D and ENA on the latch are fed by the same signal funct[5] File: C:/QuartusLiteSetup-/PRACTICE/6/EX1.v Line: 5
Warning (13012): Latch mux:mux|TEMP[5] has unsafe behavior File: C:/QuartusLiteSetup-/PRACTICE/6/Verilog5.v Line: 10
    Warning (13013): Ports D and ENA on the latch are fed by the same signal funct[5] File: C:/QuartusLiteSetup-/PRACTICE/6/EX1.v Line: 5
Warning (13012): Latch mux:mux|TEMP[6] has unsafe behavior File: C:/QuartusLiteSetup-/PRACTICE/6/Verilog5.v Line: 10
    Warning (13013): Ports D and ENA on the latch are fed by the same signal funct[5] File: C:/QuartusLiteSetup-/PRACTICE/6/EX1.v Line: 5
Warning (13012): Latch mux:mux|TEMP[7] has unsafe behavior File: C:/QuartusLiteSetup-/PRACTICE/6/Verilog5.v Line: 10
    Warning (13013): Ports D and ENA on the latch are fed by the same signal funct[5] File: C:/QuartusLiteSetup-/PRACTICE/6/EX1.v Line: 5
Warning (13012): Latch mux:mux|TEMP[8] has unsafe behavior File: C:/QuartusLiteSetup-/PRACTICE/6/Verilog5.v Line: 10
    Warning (13013): Ports D and ENA on the latch are fed by the same signal funct[1] File: C:/QuartusLiteSetup-/PRACTICE/6/EX1.v Line: 5
Warning (13012): Latch mux:mux|TEMP[9] has unsafe behavior File: C:/QuartusLiteSetup-/PRACTICE/6/Verilog5.v Line: 10
    Warning (13013): Ports D and ENA on the latch are fed by the same signal funct[1] File: C:/QuartusLiteSetup-/PRACTICE/6/EX1.v Line: 5
Warning (13012): Latch mux:mux|TEMP[10] has unsafe behavior File: C:/QuartusLiteSetup-/PRACTICE/6/Verilog5.v Line: 10
    Warning (13013): Ports D and ENA on the latch are fed by the same signal funct[1] File: C:/QuartusLiteSetup-/PRACTICE/6/EX1.v Line: 5
Warning (13012): Latch mux:mux|TEMP[11] has unsafe behavior File: C:/QuartusLiteSetup-/PRACTICE/6/Verilog5.v Line: 10
    Warning (13013): Ports D and ENA on the latch are fed by the same signal funct[1] File: C:/QuartusLiteSetup-/PRACTICE/6/EX1.v Line: 5
Warning (13012): Latch mux:mux|TEMP[12] has unsafe behavior File: C:/QuartusLiteSetup-/PRACTICE/6/Verilog5.v Line: 10
    Warning (13013): Ports D and ENA on the latch are fed by the same signal funct[1] File: C:/QuartusLiteSetup-/PRACTICE/6/EX1.v Line: 5
Warning (13012): Latch mux:mux|TEMP[13] has unsafe behavior File: C:/QuartusLiteSetup-/PRACTICE/6/Verilog5.v Line: 10
    Warning (13013): Ports D and ENA on the latch are fed by the same signal funct[1] File: C:/QuartusLiteSetup-/PRACTICE/6/EX1.v Line: 5
Warning (13012): Latch mux:mux|TEMP[14] has unsafe behavior File: C:/QuartusLiteSetup-/PRACTICE/6/Verilog5.v Line: 10
    Warning (13013): Ports D and ENA on the latch are fed by the same signal funct[1] File: C:/QuartusLiteSetup-/PRACTICE/6/EX1.v Line: 5
Warning (13012): Latch mux:mux|TEMP[15] has unsafe behavior File: C:/QuartusLiteSetup-/PRACTICE/6/Verilog5.v Line: 10
    Warning (13013): Ports D and ENA on the latch are fed by the same signal funct[1] File: C:/QuartusLiteSetup-/PRACTICE/6/EX1.v Line: 5
Warning (13012): Latch mux:mux|TEMP[16] has unsafe behavior File: C:/QuartusLiteSetup-/PRACTICE/6/Verilog5.v Line: 10
    Warning (13013): Ports D and ENA on the latch are fed by the same signal funct[5] File: C:/QuartusLiteSetup-/PRACTICE/6/EX1.v Line: 5
Warning (13012): Latch mux:mux|TEMP[17] has unsafe behavior File: C:/QuartusLiteSetup-/PRACTICE/6/Verilog5.v Line: 10
    Warning (13013): Ports D and ENA on the latch are fed by the same signal funct[5] File: C:/QuartusLiteSetup-/PRACTICE/6/EX1.v Line: 5
Warning (13012): Latch mux:mux|TEMP[18] has unsafe behavior File: C:/QuartusLiteSetup-/PRACTICE/6/Verilog5.v Line: 10
    Warning (13013): Ports D and ENA on the latch are fed by the same signal funct[5] File: C:/QuartusLiteSetup-/PRACTICE/6/EX1.v Line: 5
Warning (13012): Latch mux:mux|TEMP[19] has unsafe behavior File: C:/QuartusLiteSetup-/PRACTICE/6/Verilog5.v Line: 10
    Warning (13013): Ports D and ENA on the latch are fed by the same signal funct[5] File: C:/QuartusLiteSetup-/PRACTICE/6/EX1.v Line: 5
Warning (13012): Latch mux:mux|TEMP[20] has unsafe behavior File: C:/QuartusLiteSetup-/PRACTICE/6/Verilog5.v Line: 10
    Warning (13013): Ports D and ENA on the latch are fed by the same signal funct[5] File: C:/QuartusLiteSetup-/PRACTICE/6/EX1.v Line: 5
Warning (13012): Latch mux:mux|TEMP[21] has unsafe behavior File: C:/QuartusLiteSetup-/PRACTICE/6/Verilog5.v Line: 10
    Warning (13013): Ports D and ENA on the latch are fed by the same signal funct[5] File: C:/QuartusLiteSetup-/PRACTICE/6/EX1.v Line: 5
Warning (13012): Latch mux:mux|TEMP[22] has unsafe behavior File: C:/QuartusLiteSetup-/PRACTICE/6/Verilog5.v Line: 10
    Warning (13013): Ports D and ENA on the latch are fed by the same signal funct[5] File: C:/QuartusLiteSetup-/PRACTICE/6/EX1.v Line: 5
Warning (13012): Latch mux:mux|TEMP[23] has unsafe behavior File: C:/QuartusLiteSetup-/PRACTICE/6/Verilog5.v Line: 10
    Warning (13013): Ports D and ENA on the latch are fed by the same signal funct[5] File: C:/QuartusLiteSetup-/PRACTICE/6/EX1.v Line: 5
Warning (13012): Latch mux:mux|TEMP[24] has unsafe behavior File: C:/QuartusLiteSetup-/PRACTICE/6/Verilog5.v Line: 10
    Warning (13013): Ports D and ENA on the latch are fed by the same signal funct[5] File: C:/QuartusLiteSetup-/PRACTICE/6/EX1.v Line: 5
Warning (13012): Latch mux:mux|TEMP[25] has unsafe behavior File: C:/QuartusLiteSetup-/PRACTICE/6/Verilog5.v Line: 10
    Warning (13013): Ports D and ENA on the latch are fed by the same signal funct[5] File: C:/QuartusLiteSetup-/PRACTICE/6/EX1.v Line: 5
Warning (13012): Latch mux:mux|TEMP[26] has unsafe behavior File: C:/QuartusLiteSetup-/PRACTICE/6/Verilog5.v Line: 10
    Warning (13013): Ports D and ENA on the latch are fed by the same signal funct[5] File: C:/QuartusLiteSetup-/PRACTICE/6/EX1.v Line: 5
Warning (13012): Latch mux:mux|TEMP[27] has unsafe behavior File: C:/QuartusLiteSetup-/PRACTICE/6/Verilog5.v Line: 10
    Warning (13013): Ports D and ENA on the latch are fed by the same signal funct[5] File: C:/QuartusLiteSetup-/PRACTICE/6/EX1.v Line: 5
Warning (13012): Latch mux:mux|TEMP[28] has unsafe behavior File: C:/QuartusLiteSetup-/PRACTICE/6/Verilog5.v Line: 10
    Warning (13013): Ports D and ENA on the latch are fed by the same signal funct[5] File: C:/QuartusLiteSetup-/PRACTICE/6/EX1.v Line: 5
Warning (13012): Latch mux:mux|TEMP[29] has unsafe behavior File: C:/QuartusLiteSetup-/PRACTICE/6/Verilog5.v Line: 10
    Warning (13013): Ports D and ENA on the latch are fed by the same signal funct[5] File: C:/QuartusLiteSetup-/PRACTICE/6/EX1.v Line: 5
Warning (13012): Latch mux:mux|TEMP[30] has unsafe behavior File: C:/QuartusLiteSetup-/PRACTICE/6/Verilog5.v Line: 10
    Warning (13013): Ports D and ENA on the latch are fed by the same signal funct[5] File: C:/QuartusLiteSetup-/PRACTICE/6/EX1.v Line: 5
Warning (13012): Latch mux:mux|TEMP[31] has unsafe behavior File: C:/QuartusLiteSetup-/PRACTICE/6/Verilog5.v Line: 10
    Warning (13013): Ports D and ENA on the latch are fed by the same signal funct[5] File: C:/QuartusLiteSetup-/PRACTICE/6/EX1.v Line: 5
Info (286030): Timing-Driven Synthesis is running
Info (144001): Generated suppressed messages file C:/QuartusLiteSetup-/PRACTICE/6/output_files/EX1.map.smsg
Info (16010): Generating hard_block partition "hard_block:auto_generated_inst"
    Info (16011): Adding 0 node(s), including 0 DDIO, 0 PLL, 0 transceiver and 0 LCELL
Info (21057): Implemented 400 device resources after synthesis - the final resource count might be different
    Info (21058): Implemented 75 input pins
    Info (21059): Implemented 32 output pins
    Info (21061): Implemented 293 logic cells
Info: Quartus Prime Analysis & Synthesis was successful. 0 errors, 67 warnings
    Info: Peak virtual memory: 4953 megabytes
    Info: Processing ended: Tue Dec 08 19:43:38 2020
    Info: Elapsed time: 00:00:18
    Info: Total CPU time (on all processors): 00:00:41


+------------------------------------------+
; Analysis & Synthesis Suppressed Messages ;
+------------------------------------------+
The suppressed messages can be found in C:/QuartusLiteSetup-/PRACTICE/6/output_files/EX1.map.smsg.


